<?xml version="1.0" encoding="UTF-8"?>
<!-- Generated by org.testng.reporters.JUnitReportReporter -->
<testsuite hostname="C40-GF56-PC" name="com.bms.M11.EMR.TestSignNoteWithCompleteSOAPdataWithAddendum" tests="1" failures="0" timestamp="29 Mar 2018 01:54:56 GMT" time="367.950" errors="0">
  <testcase name="InitialVisitWithAddendum" time="367.950" classname="com.bms.M11.EMR.TestSignNoteWithCompleteSOAPdataWithAddendum"/>
</testsuite> <!-- com.bms.M11.EMR.TestSignNoteWithCompleteSOAPdataWithAddendum -->
