<?xml version="1.0" encoding="UTF-8"?>
<!-- Generated by org.testng.reporters.JUnitReportReporter -->
<testsuite hostname="C40-GF56-PC" name="com.bms.M14.PQRS.TestPQRSprompt" tests="1" failures="0" timestamp="29 Mar 2018 01:54:56 GMT" time="220.123" errors="0">
  <testcase name="PQRSpromptHardStop" time="220.123" classname="com.bms.M14.PQRS.TestPQRSprompt"/>
</testsuite> <!-- com.bms.M14.PQRS.TestPQRSprompt -->
