<?xml version="1.0" encoding="UTF-8"?>
<!-- Generated by org.testng.reporters.JUnitReportReporter -->
<testsuite hostname="C40-GF56-PC" name="com.bms.M11.EMR.TestPhraseLibraries" tests="14" failures="0" timestamp="29 Mar 2018 01:54:56 GMT" time="1037.447" errors="0">
  <testcase name="TestNegativePrognosisLibrary" time="56.557" classname="com.bms.M11.EMR.TestPhraseLibraries"/>
  <testcase name="TestNonVisitLibrary" time="37.981" classname="com.bms.M11.EMR.TestPhraseLibraries"/>
  <testcase name="TestFLRJustificationLibrary" time="160.002" classname="com.bms.M11.EMR.TestPhraseLibraries"/>
  <testcase name="TestTreatmentPlanLibrary" time="76.894" classname="com.bms.M11.EMR.TestPhraseLibraries"/>
  <testcase name="TestPatientReportLibrary" time="85.634" classname="com.bms.M11.EMR.TestPhraseLibraries"/>
  <testcase name="TestPositivePrognosisLibrary" time="56.526" classname="com.bms.M11.EMR.TestPhraseLibraries"/>
  <testcase name="TestAssessmentPhraseLibraries" time="85.664" classname="com.bms.M11.EMR.TestPhraseLibraries"/>
  <testcase name="TestThreapyCapExceptionJustification" time="56.521" classname="com.bms.M11.EMR.TestPhraseLibraries"/>
  <testcase name="TestMedicationCommentsLibrary" time="59.028" classname="com.bms.M11.EMR.TestPhraseLibraries"/>
  <testcase name="TestProblemsLibraries" time="100.480" classname="com.bms.M11.EMR.TestPhraseLibraries"/>
  <testcase name="TestDiagnosticObservationLibrary" time="67.686" classname="com.bms.M11.EMR.TestPhraseLibraries"/>
  <testcase name="TestGoalsLibrary" time="70.920" classname="com.bms.M11.EMR.TestPhraseLibraries"/>
  <testcase name="TestRehabPotentialComments" time="54.990" classname="com.bms.M11.EMR.TestPhraseLibraries"/>
  <testcase name="TestExaminationCommentsLibrary" time="68.564" classname="com.bms.M11.EMR.TestPhraseLibraries"/>
</testsuite> <!-- com.bms.M11.EMR.TestPhraseLibraries -->
