<?xml version="1.0" encoding="UTF-8"?>
<!-- Generated by org.testng.reporters.JUnitReportReporter -->
<testsuite hostname="C40-GF56-PC" name="com.bms.M6.Scheduler.TestScheduleAppointmentByView" tests="4" failures="0" timestamp="29 Mar 2018 01:54:56 GMT" time="190.405" errors="0">
  <testcase name="TestAppointmentByProvider" time="40.877" classname="com.bms.M6.Scheduler.TestScheduleAppointmentByView"/>
  <testcase name="TestAppointmentByCompany" time="55.719" classname="com.bms.M6.Scheduler.TestScheduleAppointmentByView"/>
  <testcase name="TestAppointmentByNonProvider" time="42.939" classname="com.bms.M6.Scheduler.TestScheduleAppointmentByView"/>
  <testcase name="TestAppointmentByLocation" time="50.870" classname="com.bms.M6.Scheduler.TestScheduleAppointmentByView"/>
</testsuite> <!-- com.bms.M6.Scheduler.TestScheduleAppointmentByView -->
