<?xml version="1.0" encoding="UTF-8"?>
<!-- Generated by org.testng.reporters.JUnitReportReporter -->
<testsuite hostname="C40-GF56-PC" name="com.bms.M13.Task.TestEditGlobaltask" tests="2" failures="0" timestamp="29 Mar 2018 01:54:56 GMT" time="39.214" errors="0">
  <testcase name="MakeGlobaltaskIsUnavailable" time="21.074" classname="com.bms.M13.Task.TestEditGlobaltask"/>
  <testcase name="MakeGlobaltaskIsAvailable" time="18.140" classname="com.bms.M13.Task.TestEditGlobaltask"/>
</testsuite> <!-- com.bms.M13.Task.TestEditGlobaltask -->
