<?xml version="1.0" encoding="UTF-8"?>
<!-- Generated by org.testng.reporters.JUnitReportReporter -->
<testsuite hostname="C40-GF56-PC" name="com.bms.M11.EMR.TestSignNoteWithCompleteSOAPdata" tests="1" failures="0" timestamp="29 Mar 2018 01:54:56 GMT" time="528.671" errors="0">
  <testcase name="InitialVisitWithSOAP" time="528.671" classname="com.bms.M11.EMR.TestSignNoteWithCompleteSOAPdata"/>
</testsuite> <!-- com.bms.M11.EMR.TestSignNoteWithCompleteSOAPdata -->
