<?xml version="1.0" encoding="UTF-8"?>
<!-- Generated by org.testng.reporters.JUnitReportReporter -->
<testsuite hostname="C40-GF56-PC" name="com.bms.M7.APage.TestAPageDropDownValidations" tests="1" failures="0" timestamp="29 Mar 2018 01:54:56 GMT" time="230.634" errors="0">
  <testcase name="kx_modifier" time="230.634" classname="com.bms.M7.APage.TestAPageDropDownValidations"/>
</testsuite> <!-- com.bms.M7.APage.TestAPageDropDownValidations -->
