<?xml version="1.0" encoding="UTF-8"?>
<!-- Generated by org.testng.reporters.JUnitReportReporter -->
<testsuite hostname="C40-GF56-PC" name="com.bms.M14.PQRS.TestPQRSHardstop_2" tests="1" failures="0" timestamp="29 Mar 2018 01:54:56 GMT" time="545.457" errors="0">
  <testcase name="PQRS_HardStop_ViewPastData_64" time="545.457" classname="com.bms.M14.PQRS.TestPQRSHardstop_2"/>
</testsuite> <!-- com.bms.M14.PQRS.TestPQRSHardstop_2 -->
