<?xml version="1.0" encoding="UTF-8"?>
<!-- Generated by org.testng.reporters.JUnitReportReporter -->
<testsuite hostname="C40-GF56-PC" name="com.bms.M2.Patient.TestInactivatePatient" tests="1" failures="0" timestamp="29 Mar 2018 01:54:56 GMT" time="20.124" errors="0">
  <testcase name="testInactivatePatinetwithNoActiveCharges" time="20.124" classname="com.bms.M2.Patient.TestInactivatePatient"/>
</testsuite> <!-- com.bms.M2.Patient.TestInactivatePatient -->
