<?xml version="1.0" encoding="UTF-8"?>
<!-- Generated by org.testng.reporters.JUnitReportReporter -->
<testsuite hostname="C40-GF56-PC" name="com.bms.M8.FLR.TestHardStopMessagevalidation2" tests="1" failures="0" timestamp="29 Mar 2018 01:54:56 GMT" time="178.570" errors="0">
  <testcase name="TestHardStopWithout97001" time="178.570" classname="com.bms.M8.FLR.TestHardStopMessagevalidation2"/>
</testsuite> <!-- com.bms.M8.FLR.TestHardStopMessagevalidation2 -->
