<?xml version="1.0" encoding="UTF-8"?>
<!-- Generated by org.testng.reporters.JUnitReportReporter -->
<testsuite hostname="C40-GF56-PC" name="com.bms.M3.Cases.TestCaseInactive" tests="2" failures="0" timestamp="29 Mar 2018 01:54:56 GMT" time="247.857" errors="0">
  <testcase name="InActivateCaseWithCharges" time="128.041" classname="com.bms.M3.Cases.TestCaseInactive"/>
  <testcase name="InActivateCaseNoCharges" time="119.816" classname="com.bms.M3.Cases.TestCaseInactive"/>
</testsuite> <!-- com.bms.M3.Cases.TestCaseInactive -->
