<?xml version="1.0" encoding="UTF-8"?>
<!-- Generated by org.testng.reporters.JUnitReportReporter -->
<testsuite hostname="C40-GF56-PC" name="com.bms.M3.Cases.TestCaseEdit" tests="3" failures="0" timestamp="29 Mar 2018 01:54:56 GMT" time="260.402" errors="0">
  <testcase name="CaseEditWithAllFields" time="108.277" classname="com.bms.M3.Cases.TestCaseEdit"/>
  <testcase name="TestDischargedCase" time="118.238" classname="com.bms.M3.Cases.TestCaseEdit"/>
  <testcase name="CaseSaveWithNoInfo" time="33.887" classname="com.bms.M3.Cases.TestCaseEdit"/>
</testsuite> <!-- com.bms.M3.Cases.TestCaseEdit -->
