<?xml version="1.0" encoding="UTF-8"?>
<!-- Generated by org.testng.reporters.JUnitReportReporter -->
<testsuite hostname="C40-GF56-PC" name="com.bms.M3.Cases.TestCaseForInjuryType" tests="1" failures="0" timestamp="29 Mar 2018 01:54:56 GMT" time="78.362" errors="0">
  <testcase name="InjuryTypeAsOther" time="78.362" classname="com.bms.M3.Cases.TestCaseForInjuryType"/>
</testsuite> <!-- com.bms.M3.Cases.TestCaseForInjuryType -->
