<?xml version="1.0" encoding="UTF-8"?>
<!-- Generated by org.testng.reporters.JUnitReportReporter -->
<testsuite hostname="C40-GF56-PC" name="com.bms.M5.Notes.TestCreateNote" tests="3" failures="0" timestamp="29 Mar 2018 01:54:56 GMT" time="122.481" errors="0">
  <testcase name="ValidateVisitTypeDDL" time="21.817" classname="com.bms.M5.Notes.TestCreateNote"/>
  <testcase name="SubsequentNoteVisitTypeDDL" time="67.980" classname="com.bms.M5.Notes.TestCreateNote"/>
  <testcase name="ValidateNonVisitTypeDDL" time="32.684" classname="com.bms.M5.Notes.TestCreateNote"/>
</testsuite> <!-- com.bms.M5.Notes.TestCreateNote -->
