<?xml version="1.0" encoding="UTF-8"?>
<!-- Generated by org.testng.reporters.JUnitReportReporter -->
<testsuite hostname="C40-GF56-PC" name="com.bms.M6.Scheduler.TestScheduleAppointment" tests="4" failures="0" timestamp="29 Mar 2018 01:54:56 GMT" time="203.324" errors="0">
  <testcase name="testAddpatientMandatoryfieldsScheduler" time="17.869" classname="com.bms.M6.Scheduler.TestScheduleAppointment"/>
  <testcase name="testValidateNewCaseAppointment" time="36.011" classname="com.bms.M6.Scheduler.TestScheduleAppointment"/>
  <testcase name="testValidateCaseName" time="48.157" classname="com.bms.M6.Scheduler.TestScheduleAppointment"/>
  <testcase name="testQuickSchedule" time="101.287" classname="com.bms.M6.Scheduler.TestScheduleAppointment"/>
</testsuite> <!-- com.bms.M6.Scheduler.TestScheduleAppointment -->
