<?xml version="1.0" encoding="UTF-8"?>
<!-- Generated by org.testng.reporters.JUnitReportReporter -->
<testsuite hostname="C40-GF56-PC" name="com.bms.M11.EMR.TestMyExamTemplate" tests="3" failures="0" timestamp="29 Mar 2018 01:54:56 GMT" time="257.461" errors="0">
  <testcase name="LinkMyExamTemplate" time="151.988" classname="com.bms.M11.EMR.TestMyExamTemplate"/>
  <testcase name="AddPublicMyExamTemplate" time="55.725" classname="com.bms.M11.EMR.TestMyExamTemplate"/>
  <testcase name="Add_Edit_Delete_MyExamTemplate" time="49.748" classname="com.bms.M11.EMR.TestMyExamTemplate"/>
</testsuite> <!-- com.bms.M11.EMR.TestMyExamTemplate -->
