<?xml version="1.0" encoding="UTF-8"?>
<!-- Generated by org.testng.reporters.JUnitReportReporter -->
<testsuite hostname="C40-GF56-PC" name="com.bms.M15.ArrivalAlert.TestPolicyChargeQueue" tests="8" failures="0" timestamp="29 Mar 2018 01:54:56 GMT" time="1115.681" errors="0">
  <testcase name="TestMutipleCancelAndNowPolicyChargeQueueApprovalForOnePatient" time="142.347" classname="com.bms.M15.ArrivalAlert.TestPolicyChargeQueue"/>
  <testcase name="TestCancelPolicyChargeQueueDeny" time="114.388" classname="com.bms.M15.ArrivalAlert.TestPolicyChargeQueue"/>
  <testcase name="TestNoShowPolicyChargeQueueDeny" time="124.239" classname="com.bms.M15.ArrivalAlert.TestPolicyChargeQueue"/>
  <testcase name="TestMutipleCancelPolicyChargeQueueApproval" time="138.140" classname="com.bms.M15.ArrivalAlert.TestPolicyChargeQueue"/>
  <testcase name="TestNoShowPolicyChargeQueueApproval" time="94.316" classname="com.bms.M15.ArrivalAlert.TestPolicyChargeQueue"/>
  <testcase name="TestMutipleCancelAndNowPolicyChargeQueueApprovalForMultiplePatient" time="203.596" classname="com.bms.M15.ArrivalAlert.TestPolicyChargeQueue"/>
  <testcase name="TestMutipleNoShowPolicyChargeQueueApproval" time="163.635" classname="com.bms.M15.ArrivalAlert.TestPolicyChargeQueue"/>
  <testcase name="TestCancelPolicyChargeQueueApproval" time="135.020" classname="com.bms.M15.ArrivalAlert.TestPolicyChargeQueue"/>
</testsuite> <!-- com.bms.M15.ArrivalAlert.TestPolicyChargeQueue -->
