<?xml version="1.0" encoding="UTF-8"?>
<!-- Generated by org.testng.reporters.JUnitReportReporter -->
<testsuite hostname="C40-GF56-PC" name="com.bms.M11.EMR.TestTreatingProviderWithInSuranceClassUnCheckedAndClinicalSetupUnChecked" tests="3" failures="0" timestamp="29 Mar 2018 01:54:56 GMT" time="376.354" errors="0">
  <testcase name="AllowTreatingProviderToFinalizNonVisitDischargenotes" time="86.790" classname="com.bms.M11.EMR.TestTreatingProviderWithInSuranceClassUnCheckedAndClinicalSetupUnChecked"/>
  <testcase name="DONOTAlowTreatingProvideToFinalizeVisitNotes" time="204.318" classname="com.bms.M11.EMR.TestTreatingProviderWithInSuranceClassUnCheckedAndClinicalSetupUnChecked"/>
  <testcase name="AllowTreatingProviderToFINALIZENOnVisitNotes" time="85.246" classname="com.bms.M11.EMR.TestTreatingProviderWithInSuranceClassUnCheckedAndClinicalSetupUnChecked"/>
</testsuite> <!-- com.bms.M11.EMR.TestTreatingProviderWithInSuranceClassUnCheckedAndClinicalSetupUnChecked -->
