<?xml version="1.0" encoding="UTF-8"?>
<!-- Generated by org.testng.reporters.JUnitReportReporter -->
<testsuite hostname="C40-GF56-PC" name="com.bms.M6.Scheduler.TestRecurringAppointment" tests="4" failures="0" timestamp="29 Mar 2018 01:54:56 GMT" time="202.859" errors="0">
  <testcase name="TestCancelRecurringAppointment" time="69.454" classname="com.bms.M6.Scheduler.TestRecurringAppointment"/>
  <testcase name="TestEditOccurrenceRecurringAppointment" time="28.607" classname="com.bms.M6.Scheduler.TestRecurringAppointment"/>
  <testcase name="TestAddRecurringAppointment" time="57.484" classname="com.bms.M6.Scheduler.TestRecurringAppointment"/>
  <testcase name="TestEditSeriesRecurringAppointment" time="47.314" classname="com.bms.M6.Scheduler.TestRecurringAppointment"/>
</testsuite> <!-- com.bms.M6.Scheduler.TestRecurringAppointment -->
