<?xml version="1.0" encoding="UTF-8"?>
<!-- Generated by org.testng.reporters.JUnitReportReporter -->
<testsuite hostname="C40-GF56-PC" name="com.bms.M5.Notes.TestCreateNoteWarningMessage" tests="2" failures="0" timestamp="29 Mar 2018 01:54:56 GMT" time="195.548" errors="0">
  <testcase name="Note_Unlock" time="110.399" classname="com.bms.M5.Notes.TestCreateNoteWarningMessage"/>
  <testcase name="ValidateNoteMandtoryfields" time="85.149" classname="com.bms.M5.Notes.TestCreateNoteWarningMessage"/>
</testsuite> <!-- com.bms.M5.Notes.TestCreateNoteWarningMessage -->
