<?xml version="1.0" encoding="UTF-8"?>
<!-- Generated by org.testng.reporters.JUnitReportReporter -->
<testsuite hostname="C40-GF56-PC" name="com.bms.M10.SPage.TestCaseSpageR" tests="4" failures="0" timestamp="29 Mar 2018 01:54:56 GMT" time="730.136" errors="0">
  <testcase name="required_field_indicators_FollowupDischarge_visit" time="239.043" classname="com.bms.M10.SPage.TestCaseSpageR"/>
  <testcase name="required_field_indicators_initial_visit" time="41.204" classname="com.bms.M10.SPage.TestCaseSpageR"/>
  <testcase name="required_field_indicators_Followup_visit" time="212.404" classname="com.bms.M10.SPage.TestCaseSpageR"/>
  <testcase name="required_field_indicators_FollowupReEvaluationvisit" time="237.485" classname="com.bms.M10.SPage.TestCaseSpageR"/>
</testsuite> <!-- com.bms.M10.SPage.TestCaseSpageR -->
