<?xml version="1.0" encoding="UTF-8"?>
<!-- Generated by org.testng.reporters.JUnitReportReporter -->
<testsuite hostname="C40-GF56-PC" name="com.bms.M8.FLR.TestFLRTabNotDisplayRTProvider" tests="2" failures="0" timestamp="29 Mar 2018 01:54:56 GMT" time="437.993" errors="0">
  <testcase name="FLR_ProviderPT" time="105.068" classname="com.bms.M8.FLR.TestFLRTabNotDisplayRTProvider"/>
  <testcase name="FLR_ProviderRT" time="332.925" classname="com.bms.M8.FLR.TestFLRTabNotDisplayRTProvider"/>
</testsuite> <!-- com.bms.M8.FLR.TestFLRTabNotDisplayRTProvider -->
