<?xml version="1.0" encoding="UTF-8"?>
<!-- Generated by org.testng.reporters.JUnitReportReporter -->
<testsuite hostname="C40-GF56-PC" name="PerformanceTest.TestEditFunctionality" tests="1" failures="0" timestamp="21 Mar 2018 05:47:57 GMT" time="67.832" errors="0">
  <testcase name="EditPatient" time="67.832" classname="PerformanceTest.TestEditFunctionality"/>
</testsuite> <!-- PerformanceTest.TestEditFunctionality -->
