<?xml version="1.0" encoding="UTF-8"?>
<!-- Generated by org.testng.reporters.JUnitReportReporter -->
<testsuite hostname="C40-GF56-PC" name="com.bms.M11.EMR.TestNonClinicalStaffWithInsuranceClassCheckBoxNotSelectedTestCase" tests="3" failures="0" timestamp="29 Mar 2018 01:54:56 GMT" time="602.561" errors="0">
  <testcase name="AllowNonClinicalStaffofinalizeNonVisitnotes" time="88.342" classname="com.bms.M11.EMR.TestNonClinicalStaffWithInsuranceClassCheckBoxNotSelectedTestCase"/>
  <testcase name="DontAllowNonClinicalStaffToFinalizeVisitNotes" time="289.143" classname="com.bms.M11.EMR.TestNonClinicalStaffWithInsuranceClassCheckBoxNotSelectedTestCase"/>
  <testcase name="AllowNonClinicalStafftofinalizNonVisitDischargenotes" time="225.076" classname="com.bms.M11.EMR.TestNonClinicalStaffWithInsuranceClassCheckBoxNotSelectedTestCase"/>
</testsuite> <!-- com.bms.M11.EMR.TestNonClinicalStaffWithInsuranceClassCheckBoxNotSelectedTestCase -->
