<?xml version="1.0" encoding="UTF-8"?>
<!-- Generated by org.testng.reporters.JUnitReportReporter -->
<testsuite hostname="C40-GF56-PC" name="com.bms.M8.FLR.TestFLR10THVisitPromtAllNotesFinalized" tests="1" failures="0" timestamp="29 Mar 2018 01:54:56 GMT" time="1613.554" errors="0">
  <testcase name="FLR10thVisitValidateHardStopmessage" time="1613.554" classname="com.bms.M8.FLR.TestFLR10THVisitPromtAllNotesFinalized"/>
</testsuite> <!-- com.bms.M8.FLR.TestFLR10THVisitPromtAllNotesFinalized -->
