<?xml version="1.0" encoding="UTF-8"?>
<!-- Generated by org.testng.reporters.JUnitReportReporter -->
<testsuite hostname="C40-GF56-PC" name="com.bms.M7.APage.TestAPage" tests="5" failures="0" timestamp="29 Mar 2018 01:54:56 GMT" time="577.859" errors="0">
  <testcase name="Goal_table_locked_fields_and_editable_fields" time="118.682" classname="com.bms.M7.APage.TestAPage"/>
  <testcase name="remove_diagnosis_and_case_does_NOT_update" time="137.575" classname="com.bms.M7.APage.TestAPage"/>
  <testcase name="required_field_indicators" time="92.455" classname="com.bms.M7.APage.TestAPage"/>
  <testcase name="option_to_remove_goals" time="112.577" classname="com.bms.M7.APage.TestAPage"/>
  <testcase name="add_diagnosis_and_case_updates" time="116.570" classname="com.bms.M7.APage.TestAPage"/>
</testsuite> <!-- com.bms.M7.APage.TestAPage -->
