<?xml version="1.0" encoding="UTF-8"?>
<!-- Generated by org.testng.reporters.JUnitReportReporter -->
<testsuite hostname="C40-GF56-PC" name="com.bms.M15.ArrivalAlert.TestGroupAppointment" tests="7" failures="0" timestamp="29 Mar 2018 01:54:56 GMT" time="943.190" errors="0">
  <testcase name="TestNoShowOfGroupAppointment" time="190.463" classname="com.bms.M15.ArrivalAlert.TestGroupAppointment"/>
  <testcase name="TestReoccurrenceOfGroupAppointment" time="97.775" classname="com.bms.M15.ArrivalAlert.TestGroupAppointment"/>
  <testcase name="TestCancelationOfGroupAppointment" time="147.533" classname="com.bms.M15.ArrivalAlert.TestGroupAppointment"/>
  <testcase name="TestSelectedCancelationReasonShouldBeVisible" time="212.764" classname="com.bms.M15.ArrivalAlert.TestGroupAppointment"/>
  <testcase name="TestMaximumPatientAllowedInGroupAppointment" time="78.674" classname="com.bms.M15.ArrivalAlert.TestGroupAppointment"/>
  <testcase name="TestCreationOfGroupAppointment" time="70.629" classname="com.bms.M15.ArrivalAlert.TestGroupAppointment"/>
  <testcase name="TestEditGroupAppointment" time="145.352" classname="com.bms.M15.ArrivalAlert.TestGroupAppointment"/>
</testsuite> <!-- com.bms.M15.ArrivalAlert.TestGroupAppointment -->
