<?xml version="1.0" encoding="UTF-8"?>
<!-- Generated by org.testng.reporters.JUnitReportReporter -->
<testsuite hostname="C40-GF56-PC" name="com.bms.M11.EMR.TestEndtoEndVisit" tests="1" failures="0" timestamp="22 Mar 2018 12:27:37 GMT" time="601.394" errors="0">
  <testcase name="CompleteFlowInitialVisitWithSOAP" time="601.394" classname="com.bms.M11.EMR.TestEndtoEndVisit"/>
</testsuite> <!-- com.bms.M11.EMR.TestEndtoEndVisit -->
