<?xml version="1.0" encoding="UTF-8"?>
<!-- Generated by org.testng.reporters.JUnitReportReporter -->
<testsuite hostname="C40-GF56-PC" name="com.bms.M11.EMR.TestNoDigitalSignature" tests="2" failures="0" timestamp="29 Mar 2018 01:54:56 GMT" time="319.972" errors="0">
  <testcase name="NoteFinalizeIncompleteCASE" time="173.368" classname="com.bms.M11.EMR.TestNoDigitalSignature"/>
  <testcase name="NoteFinalizeWithoutDigitalSignature" time="146.604" classname="com.bms.M11.EMR.TestNoDigitalSignature"/>
</testsuite> <!-- com.bms.M11.EMR.TestNoDigitalSignature -->
