<?xml version="1.0" encoding="UTF-8"?>
<!-- Generated by org.testng.reporters.JUnitReportReporter -->
<testsuite hostname="C40-GF56-PC" name="com.bms.M13.Task.TestAddTaskByRole" tests="5" failures="0" timestamp="29 Mar 2018 01:54:56 GMT" time="240.741" errors="0">
  <testcase name="Task_Required_Field_Validation" time="17.781" classname="com.bms.M13.Task.TestAddTaskByRole"/>
  <testcase name="CreateTaskUserCustomer" time="59.505" classname="com.bms.M13.Task.TestAddTaskByRole"/>
  <testcase name="CreateTaskUserBMS" time="56.208" classname="com.bms.M13.Task.TestAddTaskByRole"/>
  <testcase name="CreateTaskUserSysAdmin" time="58.500" classname="com.bms.M13.Task.TestAddTaskByRole"/>
  <testcase name="CreateTaskUserPartner" time="48.747" classname="com.bms.M13.Task.TestAddTaskByRole"/>
</testsuite> <!-- com.bms.M13.Task.TestAddTaskByRole -->
