<?xml version="1.0" encoding="UTF-8"?>
<!-- Generated by org.testng.reporters.JUnitReportReporter -->
<testsuite hostname="C40-GF56-PC" name="com.bms.M14.PQRS.TestPQRSAvailability" tests="1" failures="0" timestamp="29 Mar 2018 01:54:56 GMT" time="235.202" errors="0">
  <testcase name="PQRSMeasures" time="235.202" classname="com.bms.M14.PQRS.TestPQRSAvailability"/>
</testsuite> <!-- com.bms.M14.PQRS.TestPQRSAvailability -->
