<?xml version="1.0" encoding="UTF-8"?>
<!-- Generated by org.testng.reporters.JUnitReportReporter -->
<testsuite hostname="C40-GF56-PC" name="com.bms.M9.AddCharges.TestViewChargesClinicUser" tests="1" failures="0" timestamp="29 Mar 2018 01:54:56 GMT" time="97.598" errors="0">
  <testcase name="ValidateViewChargeUserClinical" time="97.598" classname="com.bms.M9.AddCharges.TestViewChargesClinicUser"/>
</testsuite> <!-- com.bms.M9.AddCharges.TestViewChargesClinicUser -->
