<?xml version="1.0" encoding="UTF-8"?>
<!-- Generated by org.testng.reporters.JUnitReportReporter -->
<testsuite hostname="C40-GF56-PC" name="com.bms.M7.APage.TestAPageCurrentStatusList" tests="4" failures="0" timestamp="29 Mar 2018 01:54:56 GMT" time="510.521" errors="0">
  <testcase name="GoalstatusValidation" time="127.926" classname="com.bms.M7.APage.TestAPageCurrentStatusList"/>
  <testcase name="G_CodeValidation_SLP" time="124.812" classname="com.bms.M7.APage.TestAPageCurrentStatusList"/>
  <testcase name="FLR_tab_Validation_RT" time="127.936" classname="com.bms.M7.APage.TestAPageCurrentStatusList"/>
  <testcase name="SeverityModifierDropdDownListValidation" time="129.847" classname="com.bms.M7.APage.TestAPageCurrentStatusList"/>
</testsuite> <!-- com.bms.M7.APage.TestAPageCurrentStatusList -->
