<?xml version="1.0" encoding="UTF-8"?>
<!-- Generated by org.testng.reporters.JUnitReportReporter -->
<testsuite hostname="C40-GF56-PC" name="com.bms.M4.Insurances.TestAddCompleteInsurance" tests="3" failures="0" timestamp="29 Mar 2018 01:54:56 GMT" time="253.448" errors="0">
  <testcase name="AddCompleteTertiaryInsurance" time="103.303" classname="com.bms.M4.Insurances.TestAddCompleteInsurance"/>
  <testcase name="AddCompletePrimaryInsurance" time="65.316" classname="com.bms.M4.Insurances.TestAddCompleteInsurance"/>
  <testcase name="AddCompleteSecondaryInsurance" time="84.829" classname="com.bms.M4.Insurances.TestAddCompleteInsurance"/>
</testsuite> <!-- com.bms.M4.Insurances.TestAddCompleteInsurance -->
