<?xml version="1.0" encoding="UTF-8"?>
<!-- Generated by org.testng.reporters.JUnitReportReporter -->
<testsuite hostname="C40-GF56-PC" name="com.bms.M6.Scheduler.TestEditEditAllPersonSchedule" tests="2" failures="0" timestamp="29 Mar 2018 01:54:56 GMT" time="35.048" errors="0">
  <testcase name="testEditEditAllPersonScheduleFlagIsSelected" time="19.236" classname="com.bms.M6.Scheduler.TestEditEditAllPersonSchedule"/>
  <testcase name="testEditAllPersonScheduleFlagIsNotSelected" time="15.812" classname="com.bms.M6.Scheduler.TestEditEditAllPersonSchedule"/>
</testsuite> <!-- com.bms.M6.Scheduler.TestEditEditAllPersonSchedule -->
