<?xml version="1.0" encoding="UTF-8"?>
<!-- Generated by org.testng.reporters.JUnitReportReporter -->
<testsuite hostname="C40-GF56-PC" name="com.bms.M10.SPage.TestPatientReportlibrary" tests="2" failures="0" timestamp="29 Mar 2018 01:54:56 GMT" time="103.839" errors="0">
  <testcase name="Patient_Report_new_library_item" time="54.837" classname="com.bms.M10.SPage.TestPatientReportlibrary"/>
  <testcase name="Patient_Report_library_load" time="49.002" classname="com.bms.M10.SPage.TestPatientReportlibrary"/>
</testsuite> <!-- com.bms.M10.SPage.TestPatientReportlibrary -->
