<?xml version="1.0" encoding="UTF-8"?>
<!-- Generated by org.testng.reporters.JUnitReportReporter -->
<testsuite hostname="C40-GF56-PC" name="com.bms.M4.Insurances.TestRemoveInsurance" tests="3" failures="0" timestamp="29 Mar 2018 01:54:56 GMT" time="207.023" errors="0">
  <testcase name="testremoveSecondaryInsurance" time="79.100" classname="com.bms.M4.Insurances.TestRemoveInsurance"/>
  <testcase name="testremovePrimaryInsurance" time="61.951" classname="com.bms.M4.Insurances.TestRemoveInsurance"/>
  <testcase name="testremoveTertiaryInsurance" time="65.972" classname="com.bms.M4.Insurances.TestRemoveInsurance"/>
</testsuite> <!-- com.bms.M4.Insurances.TestRemoveInsurance -->
