<?xml version="1.0" encoding="UTF-8"?>
<!-- Generated by org.testng.reporters.JUnitReportReporter -->
<testsuite hostname="C40-GF56-PC" name="com.bms.M6.Scheduler.TestRecurringMeeting" tests="1" failures="0" timestamp="29 Mar 2018 01:54:56 GMT" time="47.307" errors="0">
  <testcase name="AddCancelRecurringMeeting" time="47.307" classname="com.bms.M6.Scheduler.TestRecurringMeeting"/>
</testsuite> <!-- com.bms.M6.Scheduler.TestRecurringMeeting -->
