<?xml version="1.0" encoding="UTF-8"?>
<!-- Generated by org.testng.reporters.JUnitReportReporter -->
<testsuite hostname="C40-GF56-PC" name="com.bms.M4.Insurances.TestMSPtypeForMedicareInsurance" tests="2" failures="0" timestamp="29 Mar 2018 01:54:56 GMT" time="134.000" errors="0">
  <testcase name="MSPtypeInTertiaryInsurance" time="57.081" classname="com.bms.M4.Insurances.TestMSPtypeForMedicareInsurance"/>
  <testcase name="MSPtypeInSecondaryInsurance" time="76.919" classname="com.bms.M4.Insurances.TestMSPtypeForMedicareInsurance"/>
</testsuite> <!-- com.bms.M4.Insurances.TestMSPtypeForMedicareInsurance -->
