<?xml version="1.0" encoding="UTF-8"?>
<!-- Generated by org.testng.reporters.JUnitReportReporter -->
<testsuite hostname="C40-GF56-PC" name="com.bms.M12.Financial.TestCheckFinancialTab" tests="11" failures="0" timestamp="29 Mar 2018 01:54:56 GMT" time="938.696" errors="0">
  <testcase name="AmountBalancingafterAddingNewpatient" time="131.104" classname="com.bms.M12.Financial.TestCheckFinancialTab"/>
  <testcase name="AmountBalancingafterAddingAddendumtoClinicalnote" time="110.605" classname="com.bms.M12.Financial.TestCheckFinancialTab"/>
  <testcase name="AmountBalancingafterEditingCharge" time="47.470" classname="com.bms.M12.Financial.TestCheckFinancialTab"/>
  <testcase name="AmountBalancingafterAddingclinicalnote" time="141.150" classname="com.bms.M12.Financial.TestCheckFinancialTab"/>
  <testcase name="AmountBalancingafterEditingCase" time="68.513" classname="com.bms.M12.Financial.TestCheckFinancialTab"/>
  <testcase name="AmountBalancingAfterAddingModifiertoCharge" time="50.381" classname="com.bms.M12.Financial.TestCheckFinancialTab"/>
  <testcase name="AmountBalancingafterRemovingCharge" time="40.386" classname="com.bms.M12.Financial.TestCheckFinancialTab"/>
  <testcase name="AmountBalancingafteraddingChargetoNewCase" time="201.451" classname="com.bms.M12.Financial.TestCheckFinancialTab"/>
  <testcase name="AmountBalancingafterAddingPayment" time="48.388" classname="com.bms.M12.Financial.TestCheckFinancialTab"/>
  <testcase name="AmountBalancingafterRemovingPayment" time="42.578" classname="com.bms.M12.Financial.TestCheckFinancialTab"/>
  <testcase name="AmountBalancingafterAddingCharge" time="56.670" classname="com.bms.M12.Financial.TestCheckFinancialTab"/>
</testsuite> <!-- com.bms.M12.Financial.TestCheckFinancialTab -->
