<?xml version="1.0" encoding="UTF-8"?>
<!-- Generated by org.testng.reporters.JUnitReportReporter -->
<testsuite hostname="C40-GF56-PC" name="com.bms.M3.Cases.TestCloneCase" tests="3" failures="0" timestamp="29 Mar 2018 01:54:56 GMT" time="197.691" errors="0">
  <testcase name="testCloneExistingCase" time="53.907" classname="com.bms.M3.Cases.TestCloneCase"/>
  <testcase name="testCloneCompleteActiveCase" time="93.140" classname="com.bms.M3.Cases.TestCloneCase"/>
  <testcase name="testCloneIncompleteActiveCase" time="50.644" classname="com.bms.M3.Cases.TestCloneCase"/>
</testsuite> <!-- com.bms.M3.Cases.TestCloneCase -->
