<?xml version="1.0" encoding="UTF-8"?>
<!-- Generated by org.testng.reporters.JUnitReportReporter -->
<testsuite hostname="C40-GF56-PC" name="com.bms.M9.AddCharges.TestPatientRefund" tests="1" failures="0" timestamp="29 Mar 2018 01:54:56 GMT" time="31.165" errors="0">
  <testcase name="PatientRefund" time="31.165" classname="com.bms.M9.AddCharges.TestPatientRefund"/>
</testsuite> <!-- com.bms.M9.AddCharges.TestPatientRefund -->
