<?xml version="1.0" encoding="UTF-8"?>
<!-- Generated by org.testng.reporters.JUnitReportReporter -->
<testsuite hostname="C40-GF56-PC" name="com.bms.M14.PQRS.TestPQRSHardstop" tests="1" failures="0" timestamp="29 Mar 2018 01:54:56 GMT" time="520.991" errors="0">
  <testcase name="PQRS_HardStop_ViewPastData_PT" time="520.991" classname="com.bms.M14.PQRS.TestPQRSHardstop"/>
</testsuite> <!-- com.bms.M14.PQRS.TestPQRSHardstop -->
