<?xml version="1.0" encoding="UTF-8"?>
<!-- Generated by org.testng.reporters.JUnitReportReporter -->
<testsuite hostname="C40-GF56-PC" name="com.bms.M13.Task.TestTaskFunctionality" tests="1" failures="0" timestamp="29 Mar 2018 01:54:56 GMT" time="16.456" errors="0">
  <testcase name="AddTaskGroupWithNoUsers" time="16.456" classname="com.bms.M13.Task.TestTaskFunctionality"/>
</testsuite> <!-- com.bms.M13.Task.TestTaskFunctionality -->
