<?xml version="1.0" encoding="UTF-8"?>
<!-- Generated by org.testng.reporters.JUnitReportReporter -->
<testsuite hostname="C40-GF56-PC" name="com.bms.M11.EMR.TestStudentProviderInInsuranceClassTestCases" tests="3" failures="0" timestamp="29 Mar 2018 01:54:56 GMT" time="584.892" errors="0">
  <testcase name="AllowStudentProvidertofinalizeNonVisitnotes" time="73.640" classname="com.bms.M11.EMR.TestStudentProviderInInsuranceClassTestCases"/>
  <testcase name="AllowStudentProvidertofinalizNonVisitDischargenotes" time="218.546" classname="com.bms.M11.EMR.TestStudentProviderInInsuranceClassTestCases"/>
  <testcase name="DontAllowStudentToFinalizeVisitNotes" time="292.706" classname="com.bms.M11.EMR.TestStudentProviderInInsuranceClassTestCases"/>
</testsuite> <!-- com.bms.M11.EMR.TestStudentProviderInInsuranceClassTestCases -->
