<?xml version="1.0" encoding="UTF-8"?>
<!-- Generated by org.testng.reporters.JUnitReportReporter -->
<testsuite hostname="C40-GF56-PC" name="com.bms.M11.EMR.TestStudentProviderwithAllowedCheckInclinicsetupIsNotSelected" tests="3" failures="0" timestamp="29 Mar 2018 01:54:56 GMT" time="344.835" errors="0">
  <testcase name="AllowStudentToFinalizNonVisitDischargenotes" time="99.725" classname="com.bms.M11.EMR.TestStudentProviderwithAllowedCheckInclinicsetupIsNotSelected"/>
  <testcase name="DONOTAlowStudentToFinalizeVisitNotes" time="158.335" classname="com.bms.M11.EMR.TestStudentProviderwithAllowedCheckInclinicsetupIsNotSelected"/>
  <testcase name="AllowStudentToFINALIZENOnVisitNotes" time="86.775" classname="com.bms.M11.EMR.TestStudentProviderwithAllowedCheckInclinicsetupIsNotSelected"/>
</testsuite> <!-- com.bms.M11.EMR.TestStudentProviderwithAllowedCheckInclinicsetupIsNotSelected -->
