<?xml version="1.0" encoding="UTF-8"?>
<!-- Generated by org.testng.reporters.JUnitReportReporter -->
<testsuite hostname="C40-GF56-PC" name="com.bms.M11.EMR.TestNonclinicalStaffwithAllowedCheckInclinicsetupIsNotSelected" tests="3" failures="0" timestamp="29 Mar 2018 01:54:56 GMT" time="446.146" errors="0">
  <testcase name="AllowNonclinicalstaffToFinalizNonVisitDischargenotes" time="214.144" classname="com.bms.M11.EMR.TestNonclinicalStaffwithAllowedCheckInclinicsetupIsNotSelected"/>
  <testcase name="AllowNonClinicalStaffToFINALIZENOnVisitNotes" time="72.879" classname="com.bms.M11.EMR.TestNonclinicalStaffwithAllowedCheckInclinicsetupIsNotSelected"/>
  <testcase name="DONOTAlowNonClinicalStafToFinalizeVisitNotes" time="159.123" classname="com.bms.M11.EMR.TestNonclinicalStaffwithAllowedCheckInclinicsetupIsNotSelected"/>
</testsuite> <!-- com.bms.M11.EMR.TestNonclinicalStaffwithAllowedCheckInclinicsetupIsNotSelected -->
