<?xml version="1.0" encoding="UTF-8"?>
<!-- Generated by org.testng.reporters.JUnitReportReporter -->
<testsuite hostname="C40-GF56-PC" name="com.bms.M13.Task.TestManageMyAccount" tests="4" failures="0" timestamp="29 Mar 2018 01:54:56 GMT" time="42.778" errors="0">
  <testcase name="TestMandatoryFields" time="6.702" classname="com.bms.M13.Task.TestManageMyAccount"/>
  <testcase name="TestIvalidnewAndConfirmPasswordIssame" time="7.784" classname="com.bms.M13.Task.TestManageMyAccount"/>
  <testcase name="TestIvalidOldPassword" time="8.656" classname="com.bms.M13.Task.TestManageMyAccount"/>
  <testcase name="TestDefaultView" time="19.636" classname="com.bms.M13.Task.TestManageMyAccount"/>
</testsuite> <!-- com.bms.M13.Task.TestManageMyAccount -->
