<?xml version="1.0" encoding="UTF-8"?>
<!-- Generated by org.testng.reporters.JUnitReportReporter -->
<testsuite hostname="C40-GF56-PC" name="com.bms.M5.Notes.TestCreateNoteNoProvider" tests="3" failures="0" timestamp="29 Mar 2018 01:54:56 GMT" time="145.207" errors="0">
  <testcase name="UserdontHaveRightToCreateNote" time="30.744" classname="com.bms.M5.Notes.TestCreateNoteNoProvider"/>
  <testcase name="ValidateBodyPartsList" time="23.746" classname="com.bms.M5.Notes.TestCreateNoteNoProvider"/>
  <testcase name="create_note_from_provider_home_page" time="90.717" classname="com.bms.M5.Notes.TestCreateNoteNoProvider"/>
</testsuite> <!-- com.bms.M5.Notes.TestCreateNoteNoProvider -->
