<?xml version="1.0" encoding="UTF-8"?>
<!-- Generated by org.testng.reporters.JUnitReportReporter -->
<testsuite hostname="C40-GF56-PC" name="com.bms.M11.EMR.TestInterventionLibraries" tests="1" failures="0" timestamp="29 Mar 2018 01:54:56 GMT" time="74.281" errors="0">
  <testcase name="Add_Edit_Delete_InterventionLibraries" time="74.281" classname="com.bms.M11.EMR.TestInterventionLibraries"/>
</testsuite> <!-- com.bms.M11.EMR.TestInterventionLibraries -->
