<?xml version="1.0" encoding="UTF-8"?>
<!-- Generated by org.testng.reporters.JUnitReportReporter -->
<testsuite hostname="C40-GF56-PC" name="com.bms.M3.Cases.TestCaseWithCompleteInfo" tests="4" failures="0" timestamp="29 Mar 2018 01:54:56 GMT" time="169.357" errors="0">
  <testcase name="TestShellCase" time="32.405" classname="com.bms.M3.Cases.TestCaseWithCompleteInfo"/>
  <testcase name="Samereferingphysicians" time="29.274" classname="com.bms.M3.Cases.TestCaseWithCompleteInfo"/>
  <testcase name="CaseAsCompleted" time="71.583" classname="com.bms.M3.Cases.TestCaseWithCompleteInfo"/>
  <testcase name="AddRefPhysician" time="36.095" classname="com.bms.M3.Cases.TestCaseWithCompleteInfo"/>
</testsuite> <!-- com.bms.M3.Cases.TestCaseWithCompleteInfo -->
