<?xml version="1.0" encoding="UTF-8"?>
<!-- Generated by org.testng.reporters.JUnitReportReporter -->
<testsuite hostname="C40-GF56-PC" name="com.bms.M4.Insurances.TestAddPatientWithPrimaryinsurence" tests="1" failures="0" timestamp="29 Mar 2018 01:54:56 GMT" time="452.409" errors="0">
  <testcase name="TestDataScriptInsurances" time="452.409" classname="com.bms.M4.Insurances.TestAddPatientWithPrimaryinsurence"/>
</testsuite> <!-- com.bms.M4.Insurances.TestAddPatientWithPrimaryinsurence -->
