<?xml version="1.0" encoding="UTF-8"?>
<!-- Generated by org.testng.reporters.JUnitReportReporter -->
<testsuite hostname="C40-GF56-PC" name="com.bms.M11.EMR.TestNonClinicalStaffWithInSuranceClassUnCheckedAndClinicalSetupUnChecked" tests="3" failures="0" timestamp="29 Mar 2018 01:54:56 GMT" time="537.198" errors="0">
  <testcase name="DONOTAlowNonClinicalStafToFinalizeVisitNotes" time="194.285" classname="com.bms.M11.EMR.TestNonClinicalStaffWithInSuranceClassUnCheckedAndClinicalSetupUnChecked"/>
  <testcase name="AllowNonClinicalStaffToFINALIZENOnVisitNotes" time="82.020" classname="com.bms.M11.EMR.TestNonClinicalStaffWithInSuranceClassUnCheckedAndClinicalSetupUnChecked"/>
  <testcase name="AllowNonclinicalstaffToFinalizNonVisitDischargenotes" time="260.893" classname="com.bms.M11.EMR.TestNonClinicalStaffWithInSuranceClassUnCheckedAndClinicalSetupUnChecked"/>
</testsuite> <!-- com.bms.M11.EMR.TestNonClinicalStaffWithInSuranceClassUnCheckedAndClinicalSetupUnChecked -->
