<?xml version="1.0" encoding="UTF-8"?>
<!-- Generated by org.testng.reporters.JUnitReportReporter -->
<testsuite hostname="C40-GF56-PC" name="com.bms.M9.AddCharges.TestCPTCodeSearch" tests="2" failures="0" timestamp="29 Mar 2018 01:54:56 GMT" time="421.816" errors="0">
  <testcase name="TestCPTCodesearch" time="31.779" classname="com.bms.M9.AddCharges.TestCPTCodeSearch"/>
  <testcase name="TestModifiers" time="390.037" classname="com.bms.M9.AddCharges.TestCPTCodeSearch"/>
</testsuite> <!-- com.bms.M9.AddCharges.TestCPTCodeSearch -->
