<?xml version="1.0" encoding="UTF-8"?>
<!-- Generated by org.testng.reporters.JUnitReportReporter -->
<testsuite hostname="C40-GF56-PC" name="com.bms.M11.EMR.TestSignNoteWithDiffrentUsers" tests="10" failures="0" timestamp="29 Mar 2018 01:54:56 GMT" time="2241.290" errors="0">
  <testcase name="SignNotewithSLPUser" time="128.122" classname="com.bms.M11.EMR.TestSignNoteWithDiffrentUsers"/>
  <testcase name="SignNotewithPartnerUser" time="163.730" classname="com.bms.M11.EMR.TestSignNoteWithDiffrentUsers"/>
  <testcase name="SignNotewithTreatingproviderUser" time="262.595" classname="com.bms.M11.EMR.TestSignNoteWithDiffrentUsers"/>
  <testcase name="SignNotewithNonclinicalstaffUser" time="338.284" classname="com.bms.M11.EMR.TestSignNoteWithDiffrentUsers"/>
  <testcase name="SignNotewithCustomerUser" time="125.167" classname="com.bms.M11.EMR.TestSignNoteWithDiffrentUsers"/>
  <testcase name="SignNotewithOTUser" time="129.475" classname="com.bms.M11.EMR.TestSignNoteWithDiffrentUsers"/>
  <testcase name="SignNotewithRTUser" time="315.001" classname="com.bms.M11.EMR.TestSignNoteWithDiffrentUsers"/>
  <testcase name="SignNotewithFrontOfficeStaffUser" time="313.209" classname="com.bms.M11.EMR.TestSignNoteWithDiffrentUsers"/>
  <testcase name="SignNotewithStudentproviderUser" time="326.331" classname="com.bms.M11.EMR.TestSignNoteWithDiffrentUsers"/>
  <testcase name="SignNotewithPTUser" time="139.376" classname="com.bms.M11.EMR.TestSignNoteWithDiffrentUsers"/>
</testsuite> <!-- com.bms.M11.EMR.TestSignNoteWithDiffrentUsers -->
