<?xml version="1.0" encoding="UTF-8"?>
<!-- Generated by org.testng.reporters.JUnitReportReporter -->
<testsuite hostname="C40-GF56-PC" name="com.bms.M7.APage.TestAPageCheckFLRTab" tests="2" failures="0" timestamp="29 Mar 2018 01:54:56 GMT" time="285.358" errors="0">
  <testcase name="FLRTabNotDisplay" time="179.096" classname="com.bms.M7.APage.TestAPageCheckFLRTab"/>
  <testcase name="FLRTabDisplay" time="106.262" classname="com.bms.M7.APage.TestAPageCheckFLRTab"/>
</testsuite> <!-- com.bms.M7.APage.TestAPageCheckFLRTab -->
