<?xml version="1.0" encoding="UTF-8"?>
<!-- Generated by org.testng.reporters.JUnitReportReporter -->
<testsuite hostname="C40-GF56-PC" name="com.bms.M11.EMR.TestTreatingProviderwithAllowedCheckInclinicsetupIsNotSelected" tests="3" failures="0" timestamp="29 Mar 2018 01:54:56 GMT" time="299.032" errors="0">
  <testcase name="AllowTreatingProviderToFINALIZENOnVisitNotes" time="63.803" classname="com.bms.M11.EMR.TestTreatingProviderwithAllowedCheckInclinicsetupIsNotSelected"/>
  <testcase name="DONOTAlowTreatingProvideToFinalizeVisitNotes" time="158.798" classname="com.bms.M11.EMR.TestTreatingProviderwithAllowedCheckInclinicsetupIsNotSelected"/>
  <testcase name="AllowTreatingProviderToFinalizNonVisitDischargenotes" time="76.431" classname="com.bms.M11.EMR.TestTreatingProviderwithAllowedCheckInclinicsetupIsNotSelected"/>
</testsuite> <!-- com.bms.M11.EMR.TestTreatingProviderwithAllowedCheckInclinicsetupIsNotSelected -->
