<?xml version="1.0" encoding="UTF-8"?>
<!-- Generated by org.testng.reporters.JUnitReportReporter -->
<testsuite hostname="C40-GF56-PC" name="com.bms.M8.FLR.TestFLRdataCarryForward1" tests="3" failures="0" timestamp="29 Mar 2018 01:54:56 GMT" time="1255.082" errors="0">
  <testcase name="FLRDataSubsequentNote" time="267.559" classname="com.bms.M8.FLR.TestFLRdataCarryForward1"/>
  <testcase name="AddendumDataOnFLRDataSubsequentNoteNotDisplay" time="595.368" classname="com.bms.M8.FLR.TestFLRdataCarryForward1"/>
  <testcase name="AddendumDataOnFLRDataSubsequentNoteDisplay" time="392.155" classname="com.bms.M8.FLR.TestFLRdataCarryForward1"/>
</testsuite> <!-- com.bms.M8.FLR.TestFLRdataCarryForward1 -->
