<?xml version="1.0" encoding="UTF-8"?>
<!-- Generated by org.testng.reporters.JUnitReportReporter -->
<testsuite hostname="C40-GF56-PC" name="com.bms.M3.Cases.TestCaseHistory" tests="1" failures="0" timestamp="29 Mar 2018 01:54:56 GMT" time="176.281" errors="0">
  <testcase name="TestCaseHistoryWithCharges" time="176.281" classname="com.bms.M3.Cases.TestCaseHistory"/>
</testsuite> <!-- com.bms.M3.Cases.TestCaseHistory -->
