<?xml version="1.0" encoding="UTF-8"?>
<!-- Generated by org.testng.reporters.JUnitReportReporter -->
<testsuite hostname="C40-GF56-PC" name="com.bms.M11.EMR.TestTreatingProviderFinalizeWithAllowPTATofinalizeInInsuranceClassTestCases" tests="3" failures="0" timestamp="29 Mar 2018 01:54:56 GMT" time="296.844" errors="0">
  <testcase name="AllowTreatingProvidertofinalizNonVisitDischargenotes" time="72.561" classname="com.bms.M11.EMR.TestTreatingProviderFinalizeWithAllowPTATofinalizeInInsuranceClassTestCases"/>
  <testcase name="AllowTreatingProvidertofinalizeNonVisitnotes" time="74.308" classname="com.bms.M11.EMR.TestTreatingProviderFinalizeWithAllowPTATofinalizeInInsuranceClassTestCases"/>
  <testcase name="AllowTreatingProviderToFinalizeVisitNotes" time="149.975" classname="com.bms.M11.EMR.TestTreatingProviderFinalizeWithAllowPTATofinalizeInInsuranceClassTestCases"/>
</testsuite> <!-- com.bms.M11.EMR.TestTreatingProviderFinalizeWithAllowPTATofinalizeInInsuranceClassTestCases -->
