<?xml version="1.0" encoding="UTF-8"?>
<!-- Generated by org.testng.reporters.JUnitReportReporter -->
<testsuite hostname="C40-GF56-PC" name="com.bms.M15.ArrivalAlert.TestDifferentTypeOfAppointmentsOnPracticeView" tests="4" failures="0" timestamp="29 Mar 2018 01:54:56 GMT" time="481.129" errors="0">
  <testcase name="TestGroupAppointmnetOnPracticeView" time="141.293" classname="com.bms.M15.ArrivalAlert.TestDifferentTypeOfAppointmentsOnPracticeView"/>
  <testcase name="TestArrivalAppointmnetOnPracticeView" time="103.020" classname="com.bms.M15.ArrivalAlert.TestDifferentTypeOfAppointmentsOnPracticeView"/>
  <testcase name="TestNoShowOnPracticeView" time="144.297" classname="com.bms.M15.ArrivalAlert.TestDifferentTypeOfAppointmentsOnPracticeView"/>
  <testcase name="TestCancelationOnPracticeView" time="92.519" classname="com.bms.M15.ArrivalAlert.TestDifferentTypeOfAppointmentsOnPracticeView"/>
</testsuite> <!-- com.bms.M15.ArrivalAlert.TestDifferentTypeOfAppointmentsOnPracticeView -->
