<?xml version="1.0" encoding="UTF-8"?>
<!-- Generated by org.testng.reporters.JUnitReportReporter -->
<testsuite hostname="C40-GF56-PC" name="com.bms.M4.Insurances.TestCaseInsurances" tests="5" failures="0" timestamp="29 Mar 2018 01:54:56 GMT" time="363.291" errors="0">
  <testcase name="AddInsuranceAsWorkerCompensation" time="57.793" classname="com.bms.M4.Insurances.TestCaseInsurances"/>
  <testcase name="AddInsuranceAsTricareChampus" time="67.921" classname="com.bms.M4.Insurances.TestCaseInsurances"/>
  <testcase name="AddInsuranceAsMedicareRailRoad" time="78.625" classname="com.bms.M4.Insurances.TestCaseInsurances"/>
  <testcase name="AddInsuranceAsBlueShield" time="76.434" classname="com.bms.M4.Insurances.TestCaseInsurances"/>
  <testcase name="AddInsuranceAsMedicare" time="82.518" classname="com.bms.M4.Insurances.TestCaseInsurances"/>
</testsuite> <!-- com.bms.M4.Insurances.TestCaseInsurances -->
