<?xml version="1.0" encoding="UTF-8"?>
<!-- Generated by org.testng.reporters.JUnitReportReporter -->
<testsuite hostname="C40-GF56-PC" name="com.bms.M10.SPage.TestSPageLock" tests="2" failures="0" timestamp="29 Mar 2018 01:54:56 GMT" time="223.940" errors="0">
  <testcase name="Lock_functionality_cancel" time="101.610" classname="com.bms.M10.SPage.TestSPageLock"/>
  <testcase name="Lock_functionality_Ok" time="122.330" classname="com.bms.M10.SPage.TestSPageLock"/>
</testsuite> <!-- com.bms.M10.SPage.TestSPageLock -->
