<?xml version="1.0" encoding="UTF-8"?>
<!-- Generated by org.testng.reporters.JUnitReportReporter -->
<testsuite hostname="C40-GF56-PC" name="com.bms.M15.ArrivalAlert.DifferentAppointmentTypesOnLocationView" tests="4" failures="0" timestamp="29 Mar 2018 01:54:56 GMT" time="395.218" errors="0">
  <testcase name="TestNoShowOnLocationView" time="107.771" classname="com.bms.M15.ArrivalAlert.DifferentAppointmentTypesOnLocationView"/>
  <testcase name="TestArrivalAppointmnetOnLocationView" time="106.327" classname="com.bms.M15.ArrivalAlert.DifferentAppointmentTypesOnLocationView"/>
  <testcase name="TestGroupAppointmnetOnLocationView" time="83.035" classname="com.bms.M15.ArrivalAlert.DifferentAppointmentTypesOnLocationView"/>
  <testcase name="TestCancelationOnLocationView" time="98.085" classname="com.bms.M15.ArrivalAlert.DifferentAppointmentTypesOnLocationView"/>
</testsuite> <!-- com.bms.M15.ArrivalAlert.DifferentAppointmentTypesOnLocationView -->
