<?xml version="1.0" encoding="UTF-8"?>
<!-- Generated by org.testng.reporters.JUnitReportReporter -->
<testsuite hostname="C40-GF56-PC" name="com.bms.M8.FLR.TestFLR10THVisitPromtWithAddendum" tests="1" failures="0" timestamp="29 Mar 2018 01:54:56 GMT" time="1747.882" errors="0">
  <testcase name="FLR10thVisitWithAddendum" time="1747.882" classname="com.bms.M8.FLR.TestFLR10THVisitPromtWithAddendum"/>
</testsuite> <!-- com.bms.M8.FLR.TestFLR10THVisitPromtWithAddendum -->
