<?xml version="1.0" encoding="UTF-8"?>
<!-- Generated by org.testng.reporters.JUnitReportReporter -->
<testsuite hostname="C40-GF56-PC" name="com.bms.M11.EMR.TestSignandFinalizeAddendum" tests="2" failures="0" timestamp="29 Mar 2018 01:54:56 GMT" time="734.803" errors="0">
  <testcase name="SignandFinalizeNoteandAddAddendum" time="433.537" classname="com.bms.M11.EMR.TestSignandFinalizeAddendum"/>
  <testcase name="SignandFinalizeOverriderequiredfiels" time="301.266" classname="com.bms.M11.EMR.TestSignandFinalizeAddendum"/>
</testsuite> <!-- com.bms.M11.EMR.TestSignandFinalizeAddendum -->
