<?xml version="1.0" encoding="UTF-8"?>
<!-- Generated by org.testng.reporters.JUnitReportReporter -->
<testsuite hostname="C40-GF56-PC" name="com.bms.M7.APage.TestAPageEditPendingNote" tests="1" failures="0" timestamp="29 Mar 2018 01:54:56 GMT" time="169.147" errors="0">
  <testcase name="EditPendingNote" time="169.147" classname="com.bms.M7.APage.TestAPageEditPendingNote"/>
</testsuite> <!-- com.bms.M7.APage.TestAPageEditPendingNote -->
