<?xml version="1.0" encoding="UTF-8"?>
<!-- Generated by org.testng.reporters.JUnitReportReporter -->
<testsuite hostname="C40-GF56-PC" name="com.bms.M11.EMR.TestTreatingProviderFinalize" tests="3" failures="0" timestamp="29 Mar 2018 01:54:56 GMT" time="542.825" errors="0">
  <testcase name="DONOTAllowTreatingProvidertofinalizeVisitnotes" time="385.325" classname="com.bms.M11.EMR.TestTreatingProviderFinalize"/>
  <testcase name="AllowTreatingProvidertofinalizNonVisitDischargenotes" time="77.489" classname="com.bms.M11.EMR.TestTreatingProviderFinalize"/>
  <testcase name="AllowTreatingProvidertofinalizeNonVisitnotes" time="80.011" classname="com.bms.M11.EMR.TestTreatingProviderFinalize"/>
</testsuite> <!-- com.bms.M11.EMR.TestTreatingProviderFinalize -->
