<?xml version="1.0" encoding="UTF-8"?>
<!-- Generated by org.testng.reporters.JUnitReportReporter -->
<testsuite hostname="C40-GF56-PC" name="com.bms.M13.Task.TestWaitList" tests="3" failures="0" timestamp="29 Mar 2018 01:54:56 GMT" time="83.667" errors="0">
  <testcase name="TestDeletePatientformWaitList" time="37.980" classname="com.bms.M13.Task.TestWaitList"/>
  <testcase name="TestSavingWithOutEnteringData" time="11.226" classname="com.bms.M13.Task.TestWaitList"/>
  <testcase name="TestAddingPatientToWaitList" time="34.461" classname="com.bms.M13.Task.TestWaitList"/>
</testsuite> <!-- com.bms.M13.Task.TestWaitList -->
