<?xml version="1.0" encoding="UTF-8"?>
<!-- Generated by org.testng.reporters.JUnitReportReporter -->
<testsuite hostname="C40-GF56-PC" name="com.bms.M8.FLR.TestFLRdataCarryForward2" tests="2" failures="0" timestamp="29 Mar 2018 01:54:56 GMT" time="928.270" errors="0">
  <testcase name="AddendumDataOnFLRDataSubsequentNoteNotDisplay2" time="332.049" classname="com.bms.M8.FLR.TestFLRdataCarryForward2"/>
  <testcase name="AddendumDataOnFLRDataSubsequentNoteNotDisplay" time="596.221" classname="com.bms.M8.FLR.TestFLRdataCarryForward2"/>
</testsuite> <!-- com.bms.M8.FLR.TestFLRdataCarryForward2 -->
