<?xml version="1.0" encoding="UTF-8"?>
<!-- Generated by org.testng.reporters.JUnitReportReporter -->
<testsuite hostname="C40-GF56-PC" name="com.bms.M9.AddCharges.TestViewChargesBMSUser" tests="1" failures="0" timestamp="29 Mar 2018 01:54:56 GMT" time="265.160" errors="0">
  <testcase name="ValidateViewChargesUserBMS" time="265.160" classname="com.bms.M9.AddCharges.TestViewChargesBMSUser"/>
</testsuite> <!-- com.bms.M9.AddCharges.TestViewChargesBMSUser -->
