<?xml version="1.0" encoding="UTF-8"?>
<!-- Generated by org.testng.reporters.JUnitReportReporter -->
<testsuite hostname="C40-GF56-PC" name="com.bms.M2.Patient.TestPatientHeader" tests="5" failures="0" timestamp="29 Mar 2018 01:54:56 GMT" time="282.863" errors="0">
  <testcase name="TestValidatePatientHeader4" time="18.498" classname="com.bms.M2.Patient.TestPatientHeader"/>
  <testcase name="TestValidatePatientHeader3" time="83.119" classname="com.bms.M2.Patient.TestPatientHeader"/>
  <testcase name="TestValidatePatientHeader2" time="25.871" classname="com.bms.M2.Patient.TestPatientHeader"/>
  <testcase name="TestAddDuplicateInterventionLibrary" time="14.863" classname="com.bms.M2.Patient.TestPatientHeader"/>
  <testcase name="TestValidatePatientHeader1" time="140.512" classname="com.bms.M2.Patient.TestPatientHeader"/>
</testsuite> <!-- com.bms.M2.Patient.TestPatientHeader -->
