<?xml version="1.0" encoding="UTF-8"?>
<!-- Generated by org.testng.reporters.JUnitReportReporter -->
<testsuite hostname="C40-GF56-PC" name="com.bms.M11.EMR.TestStudentWithInsuranceClassUnCheckedAndClinicalSetupUnChecked" tests="3" failures="0" timestamp="29 Mar 2018 01:54:56 GMT" time="351.896" errors="0">
  <testcase name="AllowStudentToFinalizNonVisitDischargenotes" time="82.402" classname="com.bms.M11.EMR.TestStudentWithInsuranceClassUnCheckedAndClinicalSetupUnChecked"/>
  <testcase name="DONOTAlowStudentToFinalizeVisitNotes" time="183.049" classname="com.bms.M11.EMR.TestStudentWithInsuranceClassUnCheckedAndClinicalSetupUnChecked"/>
  <testcase name="AllowStudentToFINALIZENOnVisitNotes" time="86.445" classname="com.bms.M11.EMR.TestStudentWithInsuranceClassUnCheckedAndClinicalSetupUnChecked"/>
</testsuite> <!-- com.bms.M11.EMR.TestStudentWithInsuranceClassUnCheckedAndClinicalSetupUnChecked -->
