<?xml version="1.0" encoding="UTF-8"?>
<!-- Generated by org.testng.reporters.JUnitReportReporter -->
<testsuite hostname="C40-GF56-PC" name="com.bms.M6.Scheduler.TestProviderHomePageLayout" tests="3" failures="0" timestamp="29 Mar 2018 01:54:56 GMT" time="251.681" errors="0">
  <testcase name="TestProviderHomePageLayoutValidation" time="33.678" classname="com.bms.M6.Scheduler.TestProviderHomePageLayout"/>
  <testcase name="TestNonProviderHomePage" time="9.027" classname="com.bms.M6.Scheduler.TestProviderHomePageLayout"/>
  <testcase name="TestProviderHomePageFilter" time="208.976" classname="com.bms.M6.Scheduler.TestProviderHomePageLayout"/>
</testsuite> <!-- com.bms.M6.Scheduler.TestProviderHomePageLayout -->
