<?xml version="1.0" encoding="UTF-8"?>
<!-- Generated by org.testng.reporters.JUnitReportReporter -->
<testsuite hostname="C40-GF56-PC" name="com.bms.M5.Notes.TestTemplateEMR" tests="3" failures="0" timestamp="29 Mar 2018 01:54:56 GMT" time="205.050" errors="0">
  <testcase name="ValidateNoCustomTemplate" time="110.892" classname="com.bms.M5.Notes.TestTemplateEMR"/>
  <testcase name="ValidateCustomTemplate" time="59.518" classname="com.bms.M5.Notes.TestTemplateEMR"/>
  <testcase name="ValidatePublicTemplate" time="34.640" classname="com.bms.M5.Notes.TestTemplateEMR"/>
</testsuite> <!-- com.bms.M5.Notes.TestTemplateEMR -->
