<?xml version="1.0" encoding="UTF-8"?>
<!-- Generated by org.testng.reporters.JUnitReportReporter -->
<testsuite hostname="C40-GF56-PC" name="com.bms.M13.Task.TestChangeCompany" tests="2" failures="0" timestamp="29 Mar 2018 01:54:56 GMT" time="55.258" errors="0">
  <testcase name="ProviderLinkwithDifferentCompanies" time="21.121" classname="com.bms.M13.Task.TestChangeCompany"/>
  <testcase name="ToValidatePatientIsAssociatedWithOneCompany" time="34.137" classname="com.bms.M13.Task.TestChangeCompany"/>
</testsuite> <!-- com.bms.M13.Task.TestChangeCompany -->
