<?xml version="1.0" encoding="UTF-8"?>
<!-- Generated by org.testng.reporters.JUnitReportReporter -->
<testsuite hostname="C40-GF56-PC" name="com.bms.M2.Patient.TestMedicare" tests="1" failures="0" timestamp="29 Mar 2018 01:54:56 GMT" time="13.317" errors="0">
  <testcase name="testQuickAddPatientwithBlankMedicareErrorMessage" time="13.317" classname="com.bms.M2.Patient.TestMedicare"/>
</testsuite> <!-- com.bms.M2.Patient.TestMedicare -->
