<?xml version="1.0" encoding="UTF-8"?>
<!-- Generated by org.testng.reporters.JUnitReportReporter -->
<testsuite hostname="C40-GF56-PC" name="com.bms.M9.AddCharges.TestViewChargesCustomerUser" tests="1" failures="0" timestamp="29 Mar 2018 01:54:56 GMT" time="127.815" errors="0">
  <testcase name="ValidateAddChargesUserCustomer" time="127.815" classname="com.bms.M9.AddCharges.TestViewChargesCustomerUser"/>
</testsuite> <!-- com.bms.M9.AddCharges.TestViewChargesCustomerUser -->
