<?xml version="1.0" encoding="UTF-8"?>
<!-- Generated by org.testng.reporters.JUnitReportReporter -->
<testsuite hostname="C40-GF56-PC" name="com.bms.M6.Scheduler.TestScheduleMeeting" tests="5" failures="0" timestamp="29 Mar 2018 01:54:56 GMT" time="213.827" errors="0">
  <testcase name="CancelAppointment" time="52.269" classname="com.bms.M6.Scheduler.TestScheduleMeeting"/>
  <testcase name="ArrivedAppointment" time="39.391" classname="com.bms.M6.Scheduler.TestScheduleMeeting"/>
  <testcase name="QuickScheduleMeeting" time="37.118" classname="com.bms.M6.Scheduler.TestScheduleMeeting"/>
  <testcase name="NoShowAppointment" time="48.270" classname="com.bms.M6.Scheduler.TestScheduleMeeting"/>
  <testcase name="QuickrReScheduleAppointment" time="36.779" classname="com.bms.M6.Scheduler.TestScheduleMeeting"/>
</testsuite> <!-- com.bms.M6.Scheduler.TestScheduleMeeting -->
