<?xml version="1.0" encoding="UTF-8"?>
<!-- Generated by org.testng.reporters.JUnitReportReporter -->
<testsuite hostname="C40-GF56-PC" name="com.bms.M6.Scheduler.TestScheduleMeetingByView" tests="2" failures="0" timestamp="29 Mar 2018 01:54:56 GMT" time="97.967" errors="0">
  <testcase name="ScheduleMeetingbyProvider" time="34.773" classname="com.bms.M6.Scheduler.TestScheduleMeetingByView"/>
  <testcase name="ScheduleMeetingByLocation" time="63.194" classname="com.bms.M6.Scheduler.TestScheduleMeetingByView"/>
</testsuite> <!-- com.bms.M6.Scheduler.TestScheduleMeetingByView -->
