<?xml version="1.0" encoding="UTF-8"?>
<!-- Generated by org.testng.reporters.JUnitReportReporter -->
<testsuite hostname="C40-GF56-PC" name="com.bms.M15.ArrivalAlert.TestArrivalAlert" tests="5" failures="0" timestamp="29 Mar 2018 01:54:56 GMT" time="408.696" errors="0">
  <testcase name="TestArrivalAlertIconNotPresentOnNonProviderPage" time="8.729" classname="com.bms.M15.ArrivalAlert.TestArrivalAlert"/>
  <testcase name="TestArrivalAlertPopupComeWhenAdditionalAlertsareCheckedAnDDismissFunctionality" time="92.372" classname="com.bms.M15.ArrivalAlert.TestArrivalAlert"/>
  <testcase name="TestArrivalAlertPopupDontComeWhenAdditionalAlertsareUnCheckedAndDismissFunctionality" time="89.480" classname="com.bms.M15.ArrivalAlert.TestArrivalAlert"/>
  <testcase name="TestArrivalAlertDismissAllFunctionality" time="157.042" classname="com.bms.M15.ArrivalAlert.TestArrivalAlert"/>
  <testcase name="TestArrivalAlertPopupComeWhenAdditionalAlertsareCheckedAnDCancelFunctionality" time="61.073" classname="com.bms.M15.ArrivalAlert.TestArrivalAlert"/>
</testsuite> <!-- com.bms.M15.ArrivalAlert.TestArrivalAlert -->
