<?xml version="1.0" encoding="UTF-8"?>
<!-- Generated by org.testng.reporters.JUnitReportReporter -->
<testsuite hostname="C40-GF56-PC" name="com.bms.M9.AddCharges.TestPaymentDropDowns" tests="3" failures="0" timestamp="29 Mar 2018 01:54:56 GMT" time="124.839" errors="0">
  <testcase name="DefaultPaymentCodeWithAmountTocollect_PartnerUser" time="44.367" classname="com.bms.M9.AddCharges.TestPaymentDropDowns"/>
  <testcase name="DefaultPaymentCodeWithAmountTocollect_BMSUSER" time="48.816" classname="com.bms.M9.AddCharges.TestPaymentDropDowns"/>
  <testcase name="DefaultPaymentCodeWithAmountTocollect_FrontOfficeStaffUser" time="31.656" classname="com.bms.M9.AddCharges.TestPaymentDropDowns"/>
</testsuite> <!-- com.bms.M9.AddCharges.TestPaymentDropDowns -->
