<?xml version="1.0" encoding="UTF-8"?>
<!-- Generated by org.testng.reporters.JUnitReportReporter -->
<testsuite hostname="C40-GF56-PC" name="com.bms.M9.AddCharges.TestValidatePre_AuthCounter" tests="3" failures="0" timestamp="29 Mar 2018 01:54:56 GMT" time="248.290" errors="0">
  <testcase name="TestPlanofcareexpired" time="86.923" classname="com.bms.M9.AddCharges.TestValidatePre_AuthCounter"/>
  <testcase name="TestProviderPOSLink" time="35.579" classname="com.bms.M9.AddCharges.TestValidatePre_AuthCounter"/>
  <testcase name="ValidatePreAuthValuesAddchargeDropdown" time="125.788" classname="com.bms.M9.AddCharges.TestValidatePre_AuthCounter"/>
</testsuite> <!-- com.bms.M9.AddCharges.TestValidatePre_AuthCounter -->
