<?xml version="1.0" encoding="UTF-8"?>
<!-- Generated by org.testng.reporters.JUnitReportReporter -->
<testsuite hostname="C40-GF56-PC" name="com.bms.M8.FLR.TestHardStopMessagevalidation3" tests="1" failures="0" timestamp="29 Mar 2018 01:54:56 GMT" time="213.783" errors="0">
  <testcase name="TestHardStopWith92521" time="213.783" classname="com.bms.M8.FLR.TestHardStopMessagevalidation3"/>
</testsuite> <!-- com.bms.M8.FLR.TestHardStopMessagevalidation3 -->
