<?xml version="1.0" encoding="UTF-8"?>
<!-- Generated by org.testng.reporters.JUnitReportReporter -->
<testsuite hostname="C40-GF56-PC" name="com.bms.M9.AddCharges.TestValidateErrorMessageAddCharges" tests="1" failures="0" timestamp="29 Mar 2018 01:54:56 GMT" time="100.320" errors="0">
  <testcase name="ValidateMandatoryFieldsAddCharges" time="100.320" classname="com.bms.M9.AddCharges.TestValidateErrorMessageAddCharges"/>
</testsuite> <!-- com.bms.M9.AddCharges.TestValidateErrorMessageAddCharges -->
