<?xml version="1.0" encoding="UTF-8"?>
<!-- Generated by org.testng.reporters.JUnitReportReporter -->
<testsuite hostname="C40-GF56-PC" name="com.bms.M11.EMR.TestSignandFinalize" tests="2" failures="0" timestamp="29 Mar 2018 01:54:56 GMT" time="658.884" errors="0">
  <testcase name="SignandFinalizeWithFollowupVisit" time="486.887" classname="com.bms.M11.EMR.TestSignandFinalize"/>
  <testcase name="SignandFinalizeWithPTuser" time="171.997" classname="com.bms.M11.EMR.TestSignandFinalize"/>
</testsuite> <!-- com.bms.M11.EMR.TestSignandFinalize -->
