<?xml version="1.0" encoding="UTF-8"?>
<!-- Generated by org.testng.reporters.JUnitReportReporter -->
<testsuite hostname="C40-GF56-PC" name="com.bms.M9.AddCharges.TestPermissionsAddCharges" tests="3" failures="0" timestamp="29 Mar 2018 01:54:56 GMT" time="166.048" errors="0">
  <testcase name="PermissionByRoleFrontOfficeStaff" time="63.765" classname="com.bms.M9.AddCharges.TestPermissionsAddCharges"/>
  <testcase name="PermissionByRolePracticeAdmin" time="64.342" classname="com.bms.M9.AddCharges.TestPermissionsAddCharges"/>
  <testcase name="PermissionByRoleCustomerProvider" time="37.941" classname="com.bms.M9.AddCharges.TestPermissionsAddCharges"/>
</testsuite> <!-- com.bms.M9.AddCharges.TestPermissionsAddCharges -->
