<?xml version="1.0" encoding="UTF-8"?>
<!-- Generated by org.testng.reporters.JUnitReportReporter -->
<testsuite hostname="C40-GF56-PC" name="com.bms.M2.Patient.TestPatientAdd" tests="4" failures="0" timestamp="29 Mar 2018 01:54:56 GMT" time="134.151" errors="0">
  <testcase name="testAddDuplicatePatient" time="69.307" classname="com.bms.M2.Patient.TestPatientAdd"/>
  <testcase name="testAddPatientAllfields" time="27.211" classname="com.bms.M2.Patient.TestPatientAdd"/>
  <testcase name="testQuickAddPatient" time="17.912" classname="com.bms.M2.Patient.TestPatientAdd"/>
  <testcase name="testaddpatientMandatoryfields" time="19.721" classname="com.bms.M2.Patient.TestPatientAdd"/>
</testsuite> <!-- com.bms.M2.Patient.TestPatientAdd -->
