<?xml version="1.0" encoding="UTF-8"?>
<!-- Generated by org.testng.reporters.JUnitReportReporter -->
<testsuite hostname="C40GF55BMS" name="com.bms.M6.Scheduler.TestScheduleAppointment" tests="4" failures="0" timestamp="10 May 2018 04:15:17 GMT" time="307.701" errors="0">
  <testcase name="testValidateNewCaseAppointment" time="67.101" classname="com.bms.M6.Scheduler.TestScheduleAppointment"/>
  <testcase name="testAddpatientMandatoryfieldsScheduler" time="40.156" classname="com.bms.M6.Scheduler.TestScheduleAppointment"/>
  <testcase name="testQuickSchedule" time="130.201" classname="com.bms.M6.Scheduler.TestScheduleAppointment"/>
  <testcase name="testValidateCaseName" time="70.243" classname="com.bms.M6.Scheduler.TestScheduleAppointment"/>
</testsuite> <!-- com.bms.M6.Scheduler.TestScheduleAppointment -->
