<?xml version="1.0" encoding="UTF-8"?>
<!-- Generated by org.testng.reporters.JUnitReportReporter -->
<testsuite hostname="C40GF55BMS" name="com.bms.M6.Scheduler.TestRecurringAppointment" tests="4" failures="0" timestamp="10 May 2018 04:15:17 GMT" time="362.478" errors="0">
  <testcase name="TestEditOccurrenceRecurringAppointment" time="87.645" classname="com.bms.M6.Scheduler.TestRecurringAppointment"/>
  <testcase name="TestCancelRecurringAppointment" time="101.721" classname="com.bms.M6.Scheduler.TestRecurringAppointment"/>
  <testcase name="TestAddRecurringAppointment" time="93.208" classname="com.bms.M6.Scheduler.TestRecurringAppointment"/>
  <testcase name="TestEditSeriesRecurringAppointment" time="79.904" classname="com.bms.M6.Scheduler.TestRecurringAppointment"/>
</testsuite> <!-- com.bms.M6.Scheduler.TestRecurringAppointment -->
