<?xml version="1.0" encoding="UTF-8"?>
<!-- Generated by org.testng.reporters.JUnitReportReporter -->
<testsuite hostname="C40GF55BMS" name="com.bms.M6.Scheduler.TestScheduleAppointmentByView" tests="4" failures="0" timestamp="10 May 2018 04:15:17 GMT" time="277.303" errors="0">
  <testcase name="TestAppointmentByCompany" time="66.203" classname="com.bms.M6.Scheduler.TestScheduleAppointmentByView"/>
  <testcase name="TestAppointmentByProvider" time="59.179" classname="com.bms.M6.Scheduler.TestScheduleAppointmentByView"/>
  <testcase name="TestAppointmentByLocation" time="87.767" classname="com.bms.M6.Scheduler.TestScheduleAppointmentByView"/>
  <testcase name="TestAppointmentByNonProvider" time="64.154" classname="com.bms.M6.Scheduler.TestScheduleAppointmentByView"/>
</testsuite> <!-- com.bms.M6.Scheduler.TestScheduleAppointmentByView -->
