<?xml version="1.0" encoding="UTF-8"?>
<!-- Generated by org.testng.reporters.JUnitReportReporter -->
<testsuite hostname="C40GF55BMS" name="com.bms.M6.Scheduler.TestScheduleMeeting" tests="5" failures="0" timestamp="10 May 2018 04:15:17 GMT" time="347.193" errors="0">
  <testcase name="CancelAppointment" time="60.777" classname="com.bms.M6.Scheduler.TestScheduleMeeting"/>
  <testcase name="ArrivedAppointment" time="71.071" classname="com.bms.M6.Scheduler.TestScheduleMeeting"/>
  <testcase name="NoShowAppointment" time="71.082" classname="com.bms.M6.Scheduler.TestScheduleMeeting"/>
  <testcase name="QuickScheduleMeeting" time="72.884" classname="com.bms.M6.Scheduler.TestScheduleMeeting"/>
  <testcase name="QuickrReScheduleAppointment" time="71.379" classname="com.bms.M6.Scheduler.TestScheduleMeeting"/>
</testsuite> <!-- com.bms.M6.Scheduler.TestScheduleMeeting -->
