<?xml version="1.0" encoding="UTF-8"?>
<!-- Generated by org.testng.reporters.JUnitReportReporter -->
<testsuite hostname="C40GF55BMS" name="com.bms.M7.APage.TestAPage" tests="5" failures="0" timestamp="10 May 2018 04:15:17 GMT" time="734.482" errors="0">
  <testcase name="option_to_remove_goals" time="141.819" classname="com.bms.M7.APage.TestAPage"/>
  <testcase name="Goal_table_locked_fields_and_editable_fields" time="148.940" classname="com.bms.M7.APage.TestAPage"/>
  <testcase name="required_field_indicators" time="158.548" classname="com.bms.M7.APage.TestAPage"/>
  <testcase name="remove_diagnosis_and_case_does_NOT_update" time="159.006" classname="com.bms.M7.APage.TestAPage"/>
  <testcase name="add_diagnosis_and_case_updates" time="126.169" classname="com.bms.M7.APage.TestAPage"/>
</testsuite> <!-- com.bms.M7.APage.TestAPage -->
