<?xml version="1.0" encoding="UTF-8"?>
<!-- Generated by org.testng.reporters.JUnitReportReporter -->
<testsuite hostname="C40GF55BMS" name="com.bms.M8.FLR.TestHardStopMessagevalidation3" tests="1" failures="0" timestamp="10 May 2018 04:15:17 GMT" time="237.700" errors="0">
  <testcase name="TestHardStopWith92521" time="237.700" classname="com.bms.M8.FLR.TestHardStopMessagevalidation3"/>
</testsuite> <!-- com.bms.M8.FLR.TestHardStopMessagevalidation3 -->
