<?xml version="1.0" encoding="UTF-8"?>
<!-- Generated by org.testng.reporters.JUnitReportReporter -->
<testsuite hostname="C40GF55BMS" name="com.bms.M8.FLR.TestFLR10THVisitPromtNoAddendum" tests="1" failures="0" timestamp="10 May 2018 04:15:17 GMT" time="1611.763" errors="0">
  <testcase name="FLR10thVisitnoAddendum" time="1611.763" classname="com.bms.M8.FLR.TestFLR10THVisitPromtNoAddendum"/>
</testsuite> <!-- com.bms.M8.FLR.TestFLR10THVisitPromtNoAddendum -->
