<?xml version="1.0" encoding="UTF-8"?>
<!-- Generated by org.testng.reporters.JUnitReportReporter -->
<testsuite hostname="C40GF55BMS" name="com.bms.M8.FLR.TestFLR10THVisitPromtAllNotesFinalized" tests="1" failures="0" timestamp="10 May 2018 04:15:17 GMT" time="1588.727" errors="0">
  <testcase name="FLR10thVisitValidateHardStopmessage" time="1588.727" classname="com.bms.M8.FLR.TestFLR10THVisitPromtAllNotesFinalized"/>
</testsuite> <!-- com.bms.M8.FLR.TestFLR10THVisitPromtAllNotesFinalized -->
