<?xml version="1.0" encoding="UTF-8"?>
<!-- Generated by org.testng.reporters.JUnitReportReporter -->
<testsuite hostname="C40GF55BMS" name="com.bms.M7.APage.TestAPageCurrentStatusList" tests="4" failures="0" timestamp="10 May 2018 04:15:17 GMT" time="729.144" errors="0">
  <testcase name="GoalstatusValidation" time="178.896" classname="com.bms.M7.APage.TestAPageCurrentStatusList"/>
  <testcase name="SeverityModifierDropdDownListValidation" time="181.964" classname="com.bms.M7.APage.TestAPageCurrentStatusList"/>
  <testcase name="FLR_tab_Validation_RT" time="192.093" classname="com.bms.M7.APage.TestAPageCurrentStatusList"/>
  <testcase name="G_CodeValidation_SLP" time="176.191" classname="com.bms.M7.APage.TestAPageCurrentStatusList"/>
</testsuite> <!-- com.bms.M7.APage.TestAPageCurrentStatusList -->
