<?xml version="1.0" encoding="UTF-8"?>
<!-- Generated by org.testng.reporters.JUnitReportReporter -->
<testsuite hostname="C40GF55BMS" name="com.bms.M6.Scheduler.TestScheduleFutureAppointment" tests="2" failures="0" timestamp="10 May 2018 04:15:17 GMT" time="151.597" errors="0">
  <testcase name="TestCreatePastAppointment" time="87.931" classname="com.bms.M6.Scheduler.TestScheduleFutureAppointment"/>
  <testcase name="TestCreatefutureAppointment" time="63.666" classname="com.bms.M6.Scheduler.TestScheduleFutureAppointment"/>
</testsuite> <!-- com.bms.M6.Scheduler.TestScheduleFutureAppointment -->
