<?xml version="1.0" encoding="UTF-8"?>
<!-- Generated by org.testng.reporters.JUnitReportReporter -->
<testsuite hostname="C40GF55BMS" name="com.bms.M7.APage.TestAPageGCodeValidationOT" tests="1" failures="0" timestamp="10 May 2018 04:15:17 GMT" time="184.131" errors="0">
  <testcase name="G_CodeValidation_OT" time="184.131" classname="com.bms.M7.APage.TestAPageGCodeValidationOT"/>
</testsuite> <!-- com.bms.M7.APage.TestAPageGCodeValidationOT -->
