<?xml version="1.0" encoding="UTF-8"?>
<!-- Generated by org.testng.reporters.JUnitReportReporter -->
<testsuite hostname="C40GF55BMS" name="com.bms.M7.APage.TestAPageLockFunctionality" tests="1" failures="0" timestamp="10 May 2018 04:15:17 GMT" time="180.773" errors="0">
  <testcase name="Note_UnlockApage" time="180.773" classname="com.bms.M7.APage.TestAPageLockFunctionality"/>
</testsuite> <!-- com.bms.M7.APage.TestAPageLockFunctionality -->
