<?xml version="1.0" encoding="UTF-8"?>
<!-- Generated by org.testng.reporters.JUnitReportReporter -->
<testsuite hostname="C40GF55BMS" name="com.bms.M6.Scheduler.TestScheduleMeetingByView" tests="2" failures="0" timestamp="10 May 2018 04:15:17 GMT" time="167.850" errors="0">
  <testcase name="ScheduleMeetingByLocation" time="75.906" classname="com.bms.M6.Scheduler.TestScheduleMeetingByView"/>
  <testcase name="ScheduleMeetingbyProvider" time="91.944" classname="com.bms.M6.Scheduler.TestScheduleMeetingByView"/>
</testsuite> <!-- com.bms.M6.Scheduler.TestScheduleMeetingByView -->
