<?xml version="1.0" encoding="UTF-8"?>
<!-- Generated by org.testng.reporters.JUnitReportReporter -->
<testsuite hostname="C40GF55BMS" name="com.bms.M7.APage.TestAPageGCodeValidationPT" tests="1" failures="0" timestamp="10 May 2018 04:15:17 GMT" time="181.644" errors="0">
  <testcase name="G_CodeValidation_PT" time="181.644" classname="com.bms.M7.APage.TestAPageGCodeValidationPT"/>
</testsuite> <!-- com.bms.M7.APage.TestAPageGCodeValidationPT -->
