<?xml version="1.0" encoding="UTF-8"?>
<!-- Generated by org.testng.reporters.JUnitReportReporter -->
<testsuite hostname="C40GF55BMS" name="com.bms.M8.FLR.TestHardStopMessagevalidation2" tests="1" failures="0" timestamp="10 May 2018 04:15:17 GMT" time="217.499" errors="0">
  <testcase name="TestHardStopWithout97001" time="217.499" classname="com.bms.M8.FLR.TestHardStopMessagevalidation2"/>
</testsuite> <!-- com.bms.M8.FLR.TestHardStopMessagevalidation2 -->
