<?xml version="1.0" encoding="UTF-8"?>
<!-- Generated by org.testng.reporters.JUnitReportReporter -->
<testsuite hostname="C40GF55BMS" name="com.bms.M6.Scheduler.TestRecurringMeeting" tests="1" failures="0" timestamp="10 May 2018 04:15:17 GMT" time="112.208" errors="0">
  <testcase name="AddCancelRecurringMeeting" time="112.208" classname="com.bms.M6.Scheduler.TestRecurringMeeting"/>
</testsuite> <!-- com.bms.M6.Scheduler.TestRecurringMeeting -->
