<?xml version="1.0" encoding="UTF-8"?>
<!-- Generated by org.testng.reporters.JUnitReportReporter -->
<testsuite hostname="C40GF55BMS" name="com.bms.M8.FLR.TestFLRdataCarryForward2" tests="2" failures="0" timestamp="10 May 2018 04:15:17 GMT" time="1124.579" errors="0">
  <testcase name="AddendumDataOnFLRDataSubsequentNoteNotDisplay2" time="437.524" classname="com.bms.M8.FLR.TestFLRdataCarryForward2"/>
  <testcase name="AddendumDataOnFLRDataSubsequentNoteNotDisplay" time="687.055" classname="com.bms.M8.FLR.TestFLRdataCarryForward2"/>
</testsuite> <!-- com.bms.M8.FLR.TestFLRdataCarryForward2 -->
