<?xml version="1.0" encoding="UTF-8"?>
<!-- Generated by org.testng.reporters.JUnitReportReporter -->
<testsuite hostname="C40GF55BMS" name="com.bms.M7.APage.TestAPageDischargeFLR" tests="1" failures="0" timestamp="10 May 2018 04:15:17 GMT" time="450.654" errors="0">
  <testcase name="DischargeFLR" time="450.654" classname="com.bms.M7.APage.TestAPageDischargeFLR"/>
</testsuite> <!-- com.bms.M7.APage.TestAPageDischargeFLR -->
