<?xml version="1.0" encoding="UTF-8"?>
<!-- Generated by org.testng.reporters.JUnitReportReporter -->
<testsuite hostname="C40GF55BMS" name="com.bms.M7.APage.TestAPageCheckFLRTab" tests="2" failures="0" timestamp="10 May 2018 04:15:17 GMT" time="316.389" errors="0">
  <testcase name="FLRTabNotDisplay" time="160.282" classname="com.bms.M7.APage.TestAPageCheckFLRTab"/>
  <testcase name="FLRTabDisplay" time="156.107" classname="com.bms.M7.APage.TestAPageCheckFLRTab"/>
</testsuite> <!-- com.bms.M7.APage.TestAPageCheckFLRTab -->
