<?xml version="1.0" encoding="UTF-8"?>
<!-- Generated by org.testng.reporters.JUnitReportReporter -->
<testsuite hostname="C40GF55BMS" name="com.bms.M8.FLR.TestFLRdataCarryForward1" tests="3" failures="0" timestamp="10 May 2018 04:15:17 GMT" time="1342.503" errors="0">
  <testcase name="AddendumDataOnFLRDataSubsequentNoteDisplay" time="394.749" classname="com.bms.M8.FLR.TestFLRdataCarryForward1"/>
  <testcase name="FLRDataSubsequentNote" time="291.479" classname="com.bms.M8.FLR.TestFLRdataCarryForward1"/>
  <testcase name="AddendumDataOnFLRDataSubsequentNoteNotDisplay" time="656.275" classname="com.bms.M8.FLR.TestFLRdataCarryForward1"/>
</testsuite> <!-- com.bms.M8.FLR.TestFLRdataCarryForward1 -->
