<?xml version="1.0" encoding="UTF-8"?>
<!-- Generated by org.testng.reporters.JUnitReportReporter -->
<testsuite hostname="C40GF55BMS" name="com.bms.M5.Notes.TestTemplateEMR" tests="3" failures="0" timestamp="10 May 2018 04:15:17 GMT" time="788.007" errors="0">
  <testcase name="ValidateCustomTemplate" time="105.041" classname="com.bms.M5.Notes.TestTemplateEMR"/>
  <testcase name="ValidatePublicTemplate" time="48.530" classname="com.bms.M5.Notes.TestTemplateEMR"/>
  <testcase name="ValidateNoCustomTemplate" time="634.436" classname="com.bms.M5.Notes.TestTemplateEMR"/>
</testsuite> <!-- com.bms.M5.Notes.TestTemplateEMR -->
