<?xml version="1.0" encoding="UTF-8"?>
<!-- Generated by org.testng.reporters.JUnitReportReporter -->
<testsuite hostname="C40GF55BMS" name="com.bms.M6.Scheduler.TestProviderHomePageLayout" tests="3" failures="0" timestamp="10 May 2018 04:15:17 GMT" time="320.804" errors="0">
  <testcase name="TestProviderHomePageFilter" time="207.507" classname="com.bms.M6.Scheduler.TestProviderHomePageLayout"/>
  <testcase name="TestNonProviderHomePage" time="38.063" classname="com.bms.M6.Scheduler.TestProviderHomePageLayout"/>
  <testcase name="TestProviderHomePageLayoutValidation" time="75.234" classname="com.bms.M6.Scheduler.TestProviderHomePageLayout"/>
</testsuite> <!-- com.bms.M6.Scheduler.TestProviderHomePageLayout -->
