<?xml version="1.0" encoding="UTF-8"?>
<!-- Generated by org.testng.reporters.JUnitReportReporter -->
<testsuite hostname="C40GF55BMS" name="com.bms.M7.APage.TestAPageUpdateGoalTab" tests="1" failures="0" timestamp="10 May 2018 04:15:17 GMT" time="297.224" errors="0">
  <testcase name="UpdateGoal" time="297.224" classname="com.bms.M7.APage.TestAPageUpdateGoalTab"/>
</testsuite> <!-- com.bms.M7.APage.TestAPageUpdateGoalTab -->
